  stdafx.cpp
c:\users\kimdaehwan\downloads\sga_국기\과제\20171201_maptoolsi_ex\win32api\cimage.h(148): warning C4244: '인수': 'float'에서 'int'(으)로 변환하면서 데이터가 손실될 수 있습니다.
c:\users\kimdaehwan\downloads\sga_국기\과제\20171201_maptoolsi_ex\win32api\cimage.h(154): warning C4244: '인수': 'float'에서 'int'(으)로 변환하면서 데이터가 손실될 수 있습니다.
  cTitleScene.cpp
  cTimer.cpp
  cTimeManager.cpp
c:\users\kimdaehwan\downloads\sga_국기\과제\20171201_maptoolsi_ex\win32api\ctimemanager.cpp(38): warning C4996: 'sprintf': This function or variable may be unsafe. Consider using sprintf_s instead. To disable deprecation, use _CRT_SECURE_NO_WARNINGS. See online help for details.
  c:\program files (x86)\windows kits\10\include\10.0.16299.0\ucrt\stdio.h(1772): note: 'sprintf' 선언을 참조하십시오.
c:\users\kimdaehwan\downloads\sga_국기\과제\20171201_maptoolsi_ex\win32api\ctimemanager.cpp(41): warning C4996: 'sprintf': This function or variable may be unsafe. Consider using sprintf_s instead. To disable deprecation, use _CRT_SECURE_NO_WARNINGS. See online help for details.
  c:\program files (x86)\windows kits\10\include\10.0.16299.0\ucrt\stdio.h(1772): note: 'sprintf' 선언을 참조하십시오.
c:\users\kimdaehwan\downloads\sga_국기\과제\20171201_maptoolsi_ex\win32api\ctimemanager.cpp(44): warning C4996: 'sprintf': This function or variable may be unsafe. Consider using sprintf_s instead. To disable deprecation, use _CRT_SECURE_NO_WARNINGS. See online help for details.
  c:\program files (x86)\windows kits\10\include\10.0.16299.0\ucrt\stdio.h(1772): note: 'sprintf' 선언을 참조하십시오.
  cSoundManager.cpp
  cSceneManager.cpp
  cProgressBar.cpp
c:\users\kimdaehwan\downloads\sga_국기\과제\20171201_maptoolsi_ex\win32api\cprogressbar.cpp(33): warning C4244: '=': 'float'에서 'int'(으)로 변환하면서 데이터가 손실될 수 있습니다.
  cPlayer.cpp
  cPlayScene.cpp
c:\users\kimdaehwan\downloads\sga_국기\과제\20171201_maptoolsi_ex\win32api\cplayscene.cpp(34): warning C4244: '인수': 'float'에서 'int'(으)로 변환하면서 데이터가 손실될 수 있습니다.
c:\users\kimdaehwan\downloads\sga_국기\과제\20171201_maptoolsi_ex\win32api\cplayscene.cpp(36): warning C4018: '<': signed 또는 unsigned가 일치하지 않습니다.
c:\users\kimdaehwan\downloads\sga_국기\과제\20171201_maptoolsi_ex\win32api\cplayscene.cpp(37): warning C4244: '인수': 'float'에서 'int'(으)로 변환하면서 데이터가 손실될 수 있습니다.
c:\users\kimdaehwan\downloads\sga_국기\과제\20171201_maptoolsi_ex\win32api\cplayscene.cpp(64): warning C4838: 'LONG'에서 'float'(으)로의 변환에는 축소 변환이 필요합니다.
c:\users\kimdaehwan\downloads\sga_국기\과제\20171201_maptoolsi_ex\win32api\cplayscene.cpp(64): warning C4244: '초기화 중': 'LONG'에서 'float'(으)로 변환하면서 데이터가 손실될 수 있습니다.
c:\users\kimdaehwan\downloads\sga_국기\과제\20171201_maptoolsi_ex\win32api\cplayscene.cpp(72): warning C4244: '인수': 'float'에서 'int'(으)로 변환하면서 데이터가 손실될 수 있습니다.
  cPixelCollision.cpp
c:\users\kimdaehwan\downloads\sga_국기\과제\20171201_maptoolsi_ex\win32api\cpixelcollision.cpp(7): warning C4244: '인수': 'float'에서 'int'(으)로 변환하면서 데이터가 손실될 수 있습니다.
c:\users\kimdaehwan\downloads\sga_국기\과제\20171201_maptoolsi_ex\win32api\cpixelcollision.cpp(20): warning C4244: '인수': 'float'에서 'int'(으)로 변환하면서 데이터가 손실될 수 있습니다.
c:\users\kimdaehwan\downloads\sga_국기\과제\20171201_maptoolsi_ex\win32api\cpixelcollision.cpp(30): warning C4244: '인수': 'float'에서 'int'(으)로 변환하면서 데이터가 손실될 수 있습니다.
c:\users\kimdaehwan\downloads\sga_국기\과제\20171201_maptoolsi_ex\win32api\cpixelcollision.cpp(40): warning C4244: '인수': 'float'에서 'int'(으)로 변환하면서 데이터가 손실될 수 있습니다.
  cMapTool.cpp
  cMainGame.cpp
  cLoadingScene.cpp
c:\users\kimdaehwan\downloads\sga_국기\과제\20171201_maptoolsi_ex\win32api\cloadingscene.cpp(36): warning C4101: 'str' :참조되지 않은 지역 변수입니다.
c:\users\kimdaehwan\downloads\sga_국기\과제\20171201_maptoolsi_ex\win32api\cloadingscene.cpp(35): warning C4101: 'szBuf' :참조되지 않은 지역 변수입니다.
  cLoading.cpp
c:\users\kimdaehwan\downloads\sga_국기\과제\20171201_maptoolsi_ex\win32api\cloading.cpp(117): warning C4018: '<': signed 또는 unsigned가 일치하지 않습니다.
c:\users\kimdaehwan\downloads\sga_국기\과제\20171201_maptoolsi_ex\win32api\cloading.cpp(192): warning C4018: '>=': signed 또는 unsigned가 일치하지 않습니다.
c:\users\kimdaehwan\downloads\sga_국기\과제\20171201_maptoolsi_ex\win32api\cloading.cpp(229): warning C4244: '인수': 'unsigned int'에서 'float'(으)로 변환하면서 데이터가 손실될 수 있습니다.
c:\users\kimdaehwan\downloads\sga_국기\과제\20171201_maptoolsi_ex\win32api\cloading.cpp(229): warning C4244: '인수': 'int'에서 'float'(으)로 변환하면서 데이터가 손실될 수 있습니다.
  cKeyManager.cpp
  cIniData.cpp
c:\users\kimdaehwan\downloads\sga_국기\과제\20171201_maptoolsi_ex\win32api\cinidata.cpp(31): warning C4018: '<': signed 또는 unsigned가 일치하지 않습니다.
c:\users\kimdaehwan\downloads\sga_국기\과제\20171201_maptoolsi_ex\win32api\cinidata.cpp(26): warning C4996: 'sprintf': This function or variable may be unsafe. Consider using sprintf_s instead. To disable deprecation, use _CRT_SECURE_NO_WARNINGS. See online help for details.
  c:\program files (x86)\windows kits\10\include\10.0.16299.0\ucrt\stdio.h(1772): note: 'sprintf' 선언을 참조하십시오.
c:\users\kimdaehwan\downloads\sga_국기\과제\20171201_maptoolsi_ex\win32api\cinidata.cpp(29): warning C4996: 'strcat': This function or variable may be unsafe. Consider using strcat_s instead. To disable deprecation, use _CRT_SECURE_NO_WARNINGS. See online help for details.
  c:\program files (x86)\windows kits\10\include\10.0.16299.0\ucrt\string.h(93): note: 'strcat' 선언을 참조하십시오.
c:\users\kimdaehwan\downloads\sga_국기\과제\20171201_maptoolsi_ex\win32api\cinidata.cpp(51): warning C4996: 'sprintf': This function or variable may be unsafe. Consider using sprintf_s instead. To disable deprecation, use _CRT_SECURE_NO_WARNINGS. See online help for details.
  c:\program files (x86)\windows kits\10\include\10.0.16299.0\ucrt\stdio.h(1772): note: 'sprintf' 선언을 참조하십시오.
c:\users\kimdaehwan\downloads\sga_국기\과제\20171201_maptoolsi_ex\win32api\cinidata.cpp(54): warning C4996: 'strcat': This function or variable may be unsafe. Consider using strcat_s instead. To disable deprecation, use _CRT_SECURE_NO_WARNINGS. See online help for details.
  c:\program files (x86)\windows kits\10\include\10.0.16299.0\ucrt\string.h(93): note: 'strcat' 선언을 참조하십시오.
c:\users\kimdaehwan\downloads\sga_국기\과제\20171201_maptoolsi_ex\win32api\cinidata.cpp(69): warning C4996: 'sprintf': This function or variable may be unsafe. Consider using sprintf_s instead. To disable deprecation, use _CRT_SECURE_NO_WARNINGS. See online help for details.
  c:\program files (x86)\windows kits\10\include\10.0.16299.0\ucrt\stdio.h(1772): note: 'sprintf' 선언을 참조하십시오.
c:\users\kimdaehwan\downloads\sga_국기\과제\20171201_maptoolsi_ex\win32api\cinidata.cpp(72): warning C4996: 'strcat': This function or variable may be unsafe. Consider using strcat_s instead. To disable deprecation, use _CRT_SECURE_NO_WARNINGS. See online help for details.
  c:\program files (x86)\windows kits\10\include\10.0.16299.0\ucrt\string.h(93): note: 'strcat' 선언을 참조하십시오.
  cImageManager.cpp
  cImage.cpp
  cGameNode.cpp
c:\users\kimdaehwan\downloads\sga_국기\과제\20171201_maptoolsi_ex\win32api\cgamenode.cpp(29): warning C4244: '인수': 'time_t'에서 'unsigned int'(으)로 변환하면서 데이터가 손실될 수 있습니다.
  cFileData.cpp
c:\users\kimdaehwan\downloads\sga_국기\과제\20171201_maptoolsi_ex\win32api\cfiledata.cpp(37): warning C4018: '<': signed 또는 unsigned가 일치하지 않습니다.
c:\users\kimdaehwan\downloads\sga_국기\과제\20171201_maptoolsi_ex\win32api\cfiledata.cpp(43): warning C4018: '<': signed 또는 unsigned가 일치하지 않습니다.
c:\users\kimdaehwan\downloads\sga_국기\과제\20171201_maptoolsi_ex\win32api\cfiledata.cpp(41): warning C4996: 'strcat': This function or variable may be unsafe. Consider using strcat_s instead. To disable deprecation, use _CRT_SECURE_NO_WARNINGS. See online help for details.
  c:\program files (x86)\windows kits\10\include\10.0.16299.0\ucrt\string.h(93): note: 'strcat' 선언을 참조하십시오.
c:\users\kimdaehwan\downloads\sga_국기\과제\20171201_maptoolsi_ex\win32api\cfiledata.cpp(44): warning C4996: 'strcat': This function or variable may be unsafe. Consider using strcat_s instead. To disable deprecation, use _CRT_SECURE_NO_WARNINGS. See online help for details.
  c:\program files (x86)\windows kits\10\include\10.0.16299.0\ucrt\string.h(93): note: 'strcat' 선언을 참조하십시오.
c:\users\kimdaehwan\downloads\sga_국기\과제\20171201_maptoolsi_ex\win32api\cfiledata.cpp(75): warning C4996: 'strtok': This function or variable may be unsafe. Consider using strtok_s instead. To disable deprecation, use _CRT_SECURE_NO_WARNINGS. See online help for details.
  c:\program files (x86)\windows kits\10\include\10.0.16299.0\ucrt\string.h(439): note: 'strtok' 선언을 참조하십시오.
c:\users\kimdaehwan\downloads\sga_국기\과제\20171201_maptoolsi_ex\win32api\cfiledata.cpp(79): warning C4996: 'strtok': This function or variable may be unsafe. Consider using strtok_s instead. To disable deprecation, use _CRT_SECURE_NO_WARNINGS. See online help for details.
  c:\program files (x86)\windows kits\10\include\10.0.16299.0\ucrt\string.h(439): note: 'strtok' 선언을 참조하십시오.
  cDijkstraTest.cpp
c:\users\kimdaehwan\downloads\sga_국기\과제\20171201_maptoolsi_ex\win32api\cdijkstratest.cpp(18): warning C4018: '<': signed 또는 unsigned가 일치하지 않습니다.
c:\users\kimdaehwan\downloads\sga_국기\과제\20171201_maptoolsi_ex\win32api\cdijkstratest.cpp(95): warning C4018: '<': signed 또는 unsigned가 일치하지 않습니다.
c:\users\kimdaehwan\downloads\sga_국기\과제\20171201_maptoolsi_ex\win32api\cdijkstratest.cpp(107): warning C4244: '인수': 'float'에서 'int'(으)로 변환하면서 데이터가 손실될 수 있습니다.
c:\users\kimdaehwan\downloads\sga_국기\과제\20171201_maptoolsi_ex\win32api\cdijkstratest.cpp(118): warning C4018: '<': signed 또는 unsigned가 일치하지 않습니다.
c:\users\kimdaehwan\downloads\sga_국기\과제\20171201_maptoolsi_ex\win32api\cdijkstratest.cpp(123): warning C4244: '인수': 'float'에서 'int'(으)로 변환하면서 데이터가 손실될 수 있습니다.
c:\users\kimdaehwan\downloads\sga_국기\과제\20171201_maptoolsi_ex\win32api\cdijkstratest.cpp(130): warning C4244: '인수': 'float'에서 'int'(으)로 변환하면서 데이터가 손실될 수 있습니다.
c:\users\kimdaehwan\downloads\sga_국기\과제\20171201_maptoolsi_ex\win32api\cdijkstratest.cpp(135): warning C4018: '<': signed 또는 unsigned가 일치하지 않습니다.
c:\users\kimdaehwan\downloads\sga_국기\과제\20171201_maptoolsi_ex\win32api\cdijkstratest.cpp(137): warning C4018: '<': signed 또는 unsigned가 일치하지 않습니다.
c:\users\kimdaehwan\downloads\sga_국기\과제\20171201_maptoolsi_ex\win32api\cdijkstratest.cpp(149): warning C4018: '<': signed 또는 unsigned가 일치하지 않습니다.
c:\users\kimdaehwan\downloads\sga_국기\과제\20171201_maptoolsi_ex\win32api\cdijkstratest.cpp(151): warning C4244: '인수': 'float'에서 'int'(으)로 변환하면서 데이터가 손실될 수 있습니다.
c:\users\kimdaehwan\downloads\sga_국기\과제\20171201_maptoolsi_ex\win32api\cdijkstratest.cpp(172): warning C4018: '<': signed 또는 unsigned가 일치하지 않습니다.
c:\users\kimdaehwan\downloads\sga_국기\과제\20171201_maptoolsi_ex\win32api\cdijkstratest.cpp(174): warning C4244: '인수': 'float'에서 'int'(으)로 변환하면서 데이터가 손실될 수 있습니다.
c:\users\kimdaehwan\downloads\sga_국기\과제\20171201_maptoolsi_ex\win32api\cdijkstratest.cpp(202): warning C4018: '<': signed 또는 unsigned가 일치하지 않습니다.
c:\users\kimdaehwan\downloads\sga_국기\과제\20171201_maptoolsi_ex\win32api\cdijkstratest.cpp(204): warning C4244: '인수': 'float'에서 'int'(으)로 변환하면서 데이터가 손실될 수 있습니다.
c:\users\kimdaehwan\downloads\sga_국기\과제\20171201_maptoolsi_ex\win32api\cdijkstratest.cpp(252): warning C4018: '<': signed 또는 unsigned가 일치하지 않습니다.
c:\program files (x86)\microsoft visual studio\2017\community\vc\tools\msvc\14.11.25503\include\utility(216): warning C4244: '초기화 중': 'int'에서 'const float'(으)로 변환하면서 데이터가 손실될 수 있습니다.
  c:\program files (x86)\microsoft visual studio\2017\community\vc\tools\msvc\14.11.25503\include\xmemory0(856): note: 컴파일 중인 함수 템플릿 인스턴스화 'std::pair<const _Kty,_Ty>::pair<int,int,void,0>(std::pair<int,int> &&) noexcept'에 대한 참조를 확인하십시오.
          with
          [
              _Kty=float,
              _Ty=int
          ]
  c:\program files (x86)\microsoft visual studio\2017\community\vc\tools\msvc\14.11.25503\include\xmemory0(856): note: 컴파일 중인 함수 템플릿 인스턴스화 'std::pair<const _Kty,_Ty>::pair<int,int,void,0>(std::pair<int,int> &&) noexcept'에 대한 참조를 확인하십시오.
          with
          [
              _Kty=float,
              _Ty=int
          ]
  c:\program files (x86)\microsoft visual studio\2017\community\vc\tools\msvc\14.11.25503\include\xtree(773): note: 컴파일 중인 함수 템플릿 인스턴스화 'void std::_Default_allocator_traits<_Alloc>::construct<_Ty,std::pair<int,int>>(_Alloc &,_Objty *const ,std::pair<int,int> &&)'에 대한 참조를 확인하십시오.
          with
          [
              _Alloc=std::allocator<std::_Tree_node<std::pair<const float,int>,std::_Default_allocator_traits<std::allocator<std::pair<const float,int>>>::void_pointer>>,
              _Ty=std::pair<const float,int>,
              _Objty=std::pair<const float,int>
          ]
  c:\program files (x86)\microsoft visual studio\2017\community\vc\tools\msvc\14.11.25503\include\xtree(772): note: 컴파일 중인 함수 템플릿 인스턴스화 'void std::_Default_allocator_traits<_Alloc>::construct<_Ty,std::pair<int,int>>(_Alloc &,_Objty *const ,std::pair<int,int> &&)'에 대한 참조를 확인하십시오.
          with
          [
              _Alloc=std::allocator<std::_Tree_node<std::pair<const float,int>,std::_Default_allocator_traits<std::allocator<std::pair<const float,int>>>::void_pointer>>,
              _Ty=std::pair<const float,int>,
              _Objty=std::pair<const float,int>
          ]
  c:\program files (x86)\microsoft visual studio\2017\community\vc\tools\msvc\14.11.25503\include\xtree(961): note: 컴파일 중인 함수 템플릿 인스턴스화 'std::_Tree_node<_Ty,std::_Default_allocator_traits<_Alloc>::void_pointer> *std::_Tree_comp_alloc<_Traits>::_Buynode<std::pair<int,int>>(std::pair<int,int> &&)'에 대한 참조를 확인하십시오.
          with
          [
              _Ty=std::pair<const float,int>,
              _Alloc=std::allocator<std::pair<const float,int>>,
              _Traits=std::_Tmap_traits<float,int,std::less<float>,std::allocator<std::pair<const float,int>>,false>
          ]
  c:\program files (x86)\microsoft visual studio\2017\community\vc\tools\msvc\14.11.25503\include\xtree(961): note: 컴파일 중인 함수 템플릿 인스턴스화 'std::_Tree_node<_Ty,std::_Default_allocator_traits<_Alloc>::void_pointer> *std::_Tree_comp_alloc<_Traits>::_Buynode<std::pair<int,int>>(std::pair<int,int> &&)'에 대한 참조를 확인하십시오.
          with
          [
              _Ty=std::pair<const float,int>,
              _Alloc=std::allocator<std::pair<const float,int>>,
              _Traits=std::_Tmap_traits<float,int,std::less<float>,std::allocator<std::pair<const float,int>>,false>
          ]
  c:\program files (x86)\microsoft visual studio\2017\community\vc\tools\msvc\14.11.25503\include\map(201): note: 컴파일 중인 함수 템플릿 인스턴스화 'std::pair<std::_Tree_iterator<std::_Tree_val<std::_Tree_simple_types<_Ty>>>,bool> std::_Tree<std::_Tmap_traits<_Kty,int,_Pr,_Alloc,false>>::emplace<std::pair<int,int>>(std::pair<int,int> &&)'에 대한 참조를 확인하십시오.
          with
          [
              _Ty=std::pair<const float,int>,
              _Kty=float,
              _Pr=std::less<float>,
              _Alloc=std::allocator<std::pair<const float,int>>
          ]
  c:\program files (x86)\microsoft visual studio\2017\community\vc\tools\msvc\14.11.25503\include\map(201): note: 컴파일 중인 함수 템플릿 인스턴스화 'std::pair<std::_Tree_iterator<std::_Tree_val<std::_Tree_simple_types<_Ty>>>,bool> std::_Tree<std::_Tmap_traits<_Kty,int,_Pr,_Alloc,false>>::emplace<std::pair<int,int>>(std::pair<int,int> &&)'에 대한 참조를 확인하십시오.
          with
          [
              _Ty=std::pair<const float,int>,
              _Kty=float,
              _Pr=std::less<float>,
              _Alloc=std::allocator<std::pair<const float,int>>
          ]
  c:\users\kimdaehwan\downloads\sga_국기\과제\20171201_maptoolsi_ex\win32api\cdijkstratest.cpp(225): note: 컴파일 중인 함수 템플릿 인스턴스화 'std::pair<std::_Tree_iterator<std::_Tree_val<std::_Tree_simple_types<_Ty>>>,bool> std::map<float,int,std::less<_Kty>,std::allocator<_Ty>>::insert<std::pair<int,int>,void>(_Valty &&)'에 대한 참조를 확인하십시오.
          with
          [
              _Ty=std::pair<const float,int>,
              _Kty=float,
              _Valty=std::pair<int,int>
          ]
  c:\users\kimdaehwan\downloads\sga_국기\과제\20171201_maptoolsi_ex\win32api\cdijkstratest.cpp(225): note: 컴파일 중인 함수 템플릿 인스턴스화 'std::pair<std::_Tree_iterator<std::_Tree_val<std::_Tree_simple_types<_Ty>>>,bool> std::map<float,int,std::less<_Kty>,std::allocator<_Ty>>::insert<std::pair<int,int>,void>(_Valty &&)'에 대한 참조를 확인하십시오.
          with
          [
              _Ty=std::pair<const float,int>,
              _Kty=float,
              _Valty=std::pair<int,int>
          ]
  코드를 생성하고 있습니다...
c:\users\kimdaehwan\downloads\sga_국기\과제\20171201_maptoolsi_ex\win32api\cfiledata.cpp(47): warning C4172: 지역 변수 또는 임시: szBuf의 주소를 반환하고 있습니다.
c:\users\kimdaehwan\downloads\sga_국기\과제\20171201_maptoolsi_ex\win32api\cinidata.cpp(59): warning C4172: 지역 변수 또는 임시: data의 주소를 반환하고 있습니다.
  컴파일하고 있습니다...
  Win32API.cpp
  코드를 생성하고 있습니다...
  Win32API.vcxproj -> C:\Users\kimdaehwan\Downloads\SGA_국기\과제\20171201_mapToolsI_EX\Debug\Win32API.exe
